[2025-08-21 20:45:05] Deploy Connector: === Starting Connector Deployment: Deploying postgres-cdc-connector ===
[2025-08-21 20:45:06] Deploy Connector: Validating prerequisites...
[2025-08-21 20:45:06] Deploy Connector: SUCCESS Prerequisites validated
[2025-08-21 20:45:06] Deploy Connector: Checking Kafka Connect service status...
NAME                            READY   STATUS    RESTARTS   AGE
kafka-connect-cb977f6f4-4dznq   1/1     Running   0          82s
[2025-08-21 20:45:06] Deploy Connector: Waiting for Kafka Connect to be ready...
[2025-08-21 20:45:06] Deploy Connector: SUCCESS Kafka Connect is ready
[2025-08-21 20:45:06] Deploy Connector: Checking if connector already exists...
[2025-08-21 20:45:07] Deploy Connector: SUCCESS No existing connector found
[2025-08-21 20:45:07] Deploy Connector: Deploying connector...
[2025-08-21 20:45:08] Deploy Connector: SUCCESS Connector deployed successfully
[2025-08-21 20:45:08] Deploy Connector: Checking connector status...
{
  "name": "postgres-cdc-connector",
  "connector": {
    "state": "RUNNING",
    "worker_id": "kafka-connect:8083"
  },
  "tasks": [
    {
      "id": 0,
      "state": "RUNNING",
      "worker_id": "kafka-connect:8083"
    }
  ],
  "type": "source"
}
[2025-08-21 20:45:13] Deploy Connector: SUCCESS Connector is in RUNNING state
[2025-08-21 20:45:13] Deploy Connector: Listing all connectors...
[
  "postgres-cdc-connector"
]
[2025-08-21 20:45:14] Deploy Connector: SUCCESS Connector Deployment completed successfully
[2025-08-21 20:45:14] Deploy Connector: === Starting Connector Deployment: Deploying s3-sink-connector ===
[2025-08-21 20:45:14] Deploy Connector: Validating prerequisites...
[2025-08-21 20:45:14] Deploy Connector: SUCCESS Prerequisites validated
[2025-08-21 20:45:14] Deploy Connector: Checking Kafka Connect service status...
NAME                            READY   STATUS    RESTARTS   AGE
kafka-connect-cb977f6f4-4dznq   1/1     Running   0          90s
[2025-08-21 20:45:14] Deploy Connector: Waiting for Kafka Connect to be ready...
[2025-08-21 20:45:15] Deploy Connector: SUCCESS Kafka Connect is ready
[2025-08-21 20:45:15] Deploy Connector: Checking if connector already exists...
[2025-08-21 20:45:15] Deploy Connector: SUCCESS No existing connector found
[2025-08-21 20:45:15] Deploy Connector: Deploying connector...
[2025-08-21 20:45:16] Deploy Connector: SUCCESS Connector deployed successfully
[2025-08-21 20:45:16] Deploy Connector: Checking connector status...
{
  "name": "s3-sink-connector",
  "connector": {
    "state": "RUNNING",
    "worker_id": "kafka-connect:8083"
  },
  "tasks": [
    {
      "id": 0,
      "state": "RUNNING",
      "worker_id": "kafka-connect:8083"
    },
    {
      "id": 1,
      "state": "RUNNING",
      "worker_id": "kafka-connect:8083"
    },
    {
      "id": 2,
      "state": "RUNNING",
      "worker_id": "kafka-connect:8083"
    },
    {
      "id": 3,
      "state": "RUNNING",
      "worker_id": "kafka-connect:8083"
    }
  ],
  "type": "sink"
}
[2025-08-21 20:45:22] Deploy Connector: SUCCESS Connector is in RUNNING state
[2025-08-21 20:45:22] Deploy Connector: Listing all connectors...
[
  "s3-sink-connector",
  "postgres-cdc-connector"
]
[2025-08-21 20:45:22] Deploy Connector: SUCCESS Connector Deployment completed successfully
