[2025-10-01 11:25:43] Data Generator : === Starting Data Generator: Performance Benchmarking ===
[2025-10-01 11:25:43] Data Generator : Starting performance benchmark: 4000 events/sec for 180 seconds
[2025-10-01 11:25:43] Data Generator : Setting up connection to database...
[2025-10-01 11:25:45] Data Generator : ✅ DB connection ready
[2025-10-01 11:25:45] Data Generator : Starting load generation...
[2025-10-01 11:28:45] Data Generator : Waiting for all batches to complete...
[2025-10-01 11:28:50] Data Generator : 
=== Performance Benchmark Results ===
[2025-10-01 11:28:50] Data Generator : Events sent: 737200
[2025-10-01 11:28:50] Data Generator : Duration: 180.00 seconds
[2025-10-01 11:28:50] Data Generator : Actual rate: 4095.44 events/sec
[2025-10-01 11:28:50] Data Generator : Target achieved: ✅ YES
[2025-10-01 11:28:50] Data Generator : Errors: 0
[2025-10-01 11:28:50] Data Generator : Average batch latency: 4.36ms
[2025-10-01 11:28:50] Data Generator : P50 batch latency: 4.13ms
[2025-10-01 11:28:50] Data Generator : P95 batch latency: 5.60ms
[2025-10-01 11:28:50] Data Generator : P99 batch latency: 7.95ms
[2025-10-01 11:28:50] Data Generator : Latency target (<500ms avg): ✅ YES
[2025-10-01 11:28:50] Data Generator : Detailed results written to: E:/Projects/DataPipe/1-data-ingestion-pipeline/../logs/data-ingestion-pipeline/deploy-logs/performance-results.txt
[2025-10-01 11:28:50] Data Generator : ✅ Completed successfully - performance targets achieved
