[2025-10-01 13:32:12] Deployment: ========== Starting Data Ingestion Pipeline deployment ==========
[2025-10-01 13:32:12] Deployment: Deleting existing cluster if needed
[2025-10-01 13:32:19] Deployment: Creating cluster using kind-config.yaml
[2025-10-01 13:32:42] Deployment: Checking if metrics-server is available...
[2025-10-01 13:32:42] Deployment: ⚠️   Metrics-server is not available
[2025-10-01 13:32:42] Deployment: Installing metrics-server...
[2025-10-01 13:32:43] Deployment: Metrics-server installation initiated
[2025-10-01 13:32:43] Deployment: Waiting for metrics-server to be ready...
[2025-10-01 13:33:19] Deployment: Metrics-server is ready
[2025-10-01 13:33:19] Deployment: Waiting for metrics to be available...
[2025-10-01 13:33:29] Deployment: ✅ Metrics are now available
[2025-10-01 13:33:29] Deployment: Starting background resource monitoring
[2025-10-01 13:33:29] Deployment: Applying 01-namespace.yaml
[2025-10-01 13:33:29] Deployment: Applying 02-service-accounts.yaml
[2025-10-01 13:33:30] Deployment: Applying 03-network-policies.yaml
[2025-10-01 13:33:30] Deployment: Applying 04-secrets.yaml
[2025-10-01 13:33:30] Deployment: Applying storage-classes.yaml
[2025-10-01 13:33:30] Deployment: Applying data-services-pvcs.yaml
[2025-10-01 13:33:31] Deployment: Applying task4-postgresql-statefulset.yaml
[2025-10-01 13:33:31] Deployment: kubectl --context "kind-data-ingestion" wait --for=condition=ready pod -l app=postgresql,component=database -n data-ingestion --timeout=300s 2>&1
[2025-10-01 13:34:05] Deployment: ✅ pod -l app=postgresql,component=database is ready
[2025-10-01 13:34:05] Deployment: Applying task5-kafka-kraft-3brokers.yaml
[2025-10-01 13:34:05] Deployment: kubectl --context "kind-data-ingestion" wait --for=condition=ready pod -l app=kafka,component=streaming -n data-ingestion --timeout=300s 2>&1
[2025-10-01 13:35:09] Deployment: ✅ pod -l app=kafka,component=streaming is ready
[2025-10-01 13:35:09] Deployment: Applying task5-kafka-topics-job.yaml
[2025-10-01 13:35:09] Deployment: kubectl --context "kind-data-ingestion" wait --for=condition=complete job/create-kafka-topics -n data-ingestion --timeout=120s 2>&1
[2025-10-01 13:36:01] Deployment: ✅ job/create-kafka-topics is complete
[2025-10-01 13:36:01] Deployment: Applying task6-schema-registry.yaml
[2025-10-01 13:36:01] Deployment: kubectl --context "kind-data-ingestion" wait --for=condition=ready pod -l app=schema-registry,component=schema-management -n data-ingestion --timeout=300s 2>&1
[2025-10-01 13:37:43] Deployment: ✅ pod -l app=schema-registry,component=schema-management is ready
[2025-10-01 13:37:43] Deployment: Applying task7-kafka-connect-deployment.yaml
[2025-10-01 13:37:43] Deployment: kubectl --context "kind-data-ingestion" wait --for=condition=ready pod -l app=kafka-connect,component=worker -n data-ingestion --timeout=300s 2>&1
[2025-10-01 13:39:33] Deployment: ✅ pod -l app=kafka-connect,component=worker is ready
[2025-10-01 13:39:34] Deployment: Deploying Connector config postgres-cdc-connector
[2025-10-01 13:39:34] Deploy Connector: === Starting Connector Deployment: Deploying postgres-cdc-connector ===
[2025-10-01 13:39:34] Deploy Connector: Validating prerequisites...
[2025-10-01 13:39:34] Deploy Connector: ✅  Prerequisites validated
[2025-10-01 13:39:34] Deploy Connector: Checking Kafka Connect service status...
NAME                             READY   STATUS    RESTARTS   AGE
kafka-connect-5487669d97-mkmlp   1/1     Running   0          111s
[2025-10-01 13:39:34] Deploy Connector: Waiting for Kafka Connect to be ready...
pod/kafka-connect-5487669d97-mkmlp condition met
[2025-10-01 13:39:34] Deploy Connector: ✅  Kafka Connect is ready
[2025-10-01 13:39:34] Deploy Connector: Checking if connector already exists...
[2025-10-01 13:39:35] Deploy Connector: ✅  No existing connector found
[2025-10-01 13:39:35] Deploy Connector: Deploying connector...
[2025-10-01 13:39:35] Deploy Connector: ✅  Connector deployed successfully
[2025-10-01 13:39:35] Deploy Connector: Checking connector status...
{
  "name": "postgres-cdc-connector",
  "connector": {
    "state": "RUNNING",
    "worker_id": "kafka-connect:8083"
  },
  "tasks": [
    {
      "id": 0,
      "state": "RUNNING",
      "worker_id": "kafka-connect:8083"
    }
  ],
  "type": "source"
}
[2025-10-01 13:39:41] Deploy Connector: ✅  Connector is in RUNNING state
[2025-10-01 13:39:41] Deploy Connector: Listing all connectors...
[
  "postgres-cdc-connector"
]
[2025-10-01 13:39:41] Deploy Connector: ✅  Connector Deployment completed successfully
[2025-10-01 13:39:41] Deployment: Deploying Connector config s3-sink-connector
[2025-10-01 13:39:41] Deploy Connector: === Starting Connector Deployment: Deploying s3-sink-connector ===
[2025-10-01 13:39:41] Deploy Connector: Validating prerequisites...
[2025-10-01 13:39:41] Deploy Connector: ✅  Prerequisites validated
[2025-10-01 13:39:41] Deploy Connector: Checking Kafka Connect service status...
NAME                             READY   STATUS    RESTARTS   AGE
kafka-connect-5487669d97-mkmlp   1/1     Running   0          119s
[2025-10-01 13:39:42] Deploy Connector: Waiting for Kafka Connect to be ready...
pod/kafka-connect-5487669d97-mkmlp condition met
[2025-10-01 13:39:42] Deploy Connector: ✅  Kafka Connect is ready
[2025-10-01 13:39:42] Deploy Connector: Checking if connector already exists...
[2025-10-01 13:39:42] Deploy Connector: ✅  No existing connector found
[2025-10-01 13:39:42] Deploy Connector: Deploying connector...
[2025-10-01 13:39:43] Deploy Connector: ✅  Connector deployed successfully
[2025-10-01 13:39:43] Deploy Connector: Checking connector status...
{
  "name": "s3-sink-connector",
  "connector": {
    "state": "RUNNING",
    "worker_id": "kafka-connect:8083"
  },
  "tasks": [
    {
      "id": 0,
      "state": "RUNNING",
      "worker_id": "kafka-connect:8083"
    },
    {
      "id": 1,
      "state": "RUNNING",
      "worker_id": "kafka-connect:8083"
    },
    {
      "id": 2,
      "state": "RUNNING",
      "worker_id": "kafka-connect:8083"
    },
    {
      "id": 3,
      "state": "RUNNING",
      "worker_id": "kafka-connect:8083"
    },
    {
      "id": 4,
      "state": "RUNNING",
      "worker_id": "kafka-connect:8083"
    },
    {
      "id": 5,
      "state": "RUNNING",
      "worker_id": "kafka-connect:8083"
    },
    {
      "id": 6,
      "state": "RUNNING",
      "worker_id": "kafka-connect:8083"
    },
    {
      "id": 7,
      "state": "RUNNING",
      "worker_id": "kafka-connect:8083"
    },
    {
      "id": 8,
      "state": "RUNNING",
      "worker_id": "kafka-connect:8083"
    },
    {
      "id": 9,
      "state": "RUNNING",
      "worker_id": "kafka-connect:8083"
    },
    {
      "id": 10,
      "state": "RUNNING",
      "worker_id": "kafka-connect:8083"
    },
    {
      "id": 11,
      "state": "RUNNING",
      "worker_id": "kafka-connect:8083"
    },
    {
      "id": 12,
      "state": "RUNNING",
      "worker_id": "kafka-connect:8083"
    },
    {
      "id": 13,
      "state": "RUNNING",
      "worker_id": "kafka-connect:8083"
    },
    {
      "id": 14,
      "state": "RUNNING",
      "worker_id": "kafka-connect:8083"
    },
    {
      "id": 15,
      "state": "RUNNING",
      "worker_id": "kafka-connect:8083"
    },
    {
      "id": 16,
      "state": "RUNNING",
      "worker_id": "kafka-connect:8083"
    },
    {
      "id": 17,
      "state": "RUNNING",
      "worker_id": "kafka-connect:8083"
    },
    {
      "id": 18,
      "state": "RUNNING",
      "worker_id": "kafka-connect:8083"
    },
    {
      "id": 19,
      "state": "RUNNING",
      "worker_id": "kafka-connect:8083"
    },
    {
      "id": 20,
      "state": "RUNNING",
      "worker_id": "kafka-connect:8083"
    },
    {
      "id": 21,
      "state": "RUNNING",
      "worker_id": "kafka-connect:8083"
    },
    {
      "id": 22,
      "state": "RUNNING",
      "worker_id": "kafka-connect:8083"
    },
    {
      "id": 23,
      "state": "RUNNING",
      "worker_id": "kafka-connect:8083"
    }
  ],
  "type": "sink"
}
[2025-10-01 13:39:48] Deploy Connector: ✅  Connector is in RUNNING state
[2025-10-01 13:39:48] Deploy Connector: Listing all connectors...
[
  "s3-sink-connector",
  "postgres-cdc-connector"
]
[2025-10-01 13:39:49] Deploy Connector: ✅  Connector Deployment completed successfully
[2025-10-01 13:39:49] Deployment: Sleeping 1 min before inserting Sample Data
[2025-10-01 13:40:49] Deployment: Inserting Sample Data into PostgreSQL
[2025-10-01 13:40:50] Deployment: Sleeping 2 mins after inserting Sample Data
[2025-10-01 13:42:50] Deployment: Executing Data Generator - performance benchmark...
[2025-10-01 13:45:58] Deployment: ✅ Data Generator completed successfully
[2025-10-01 13:45:58] Deployment: Sleeping 2 mins after running Data Generator
[2025-10-01 13:47:58] Deployment: Stopping background resource monitoring
[2025-10-01 13:47:58] Deployment: ========== SUCCESS - Data Ingestion Pipeline deployment completed ==========
