[2025-08-29 21:54:35] Data Generator : === Starting Data Generator: Performance Benchmarking ===
[2025-08-29 21:54:35] Data Generator : Starting performance benchmark: 4000 events/sec for 360 seconds
[2025-08-29 21:54:35] Data Generator : Setting up connection to database...
[2025-08-29 21:54:37] Data Generator : ✅ DB connection ready
[2025-08-29 21:54:37] Data Generator : Starting load generation...
[2025-08-29 21:58:30] Data Generator : ⚠️  Batch insert error: duplicate key value violates unique constraint "users_email_key"
DETAIL:  Key (email)=(user_1_1756519110783@example.com) already exists.

[2025-08-29 21:58:30] Data Generator : ⚠️  Batch insert error: current transaction is aborted, commands ignored until end of transaction block

[2025-08-29 21:58:30] Data Generator : ⚠️  Batch insert error: current transaction is aborted, commands ignored until end of transaction block

[2025-08-29 21:58:30] Data Generator : ⚠️  Batch insert error: current transaction is aborted, commands ignored until end of transaction block

[2025-08-29 21:58:30] Data Generator : ⚠️  Batch insert error: current transaction is aborted, commands ignored until end of transaction block

[2025-08-29 21:58:30] Data Generator : ⚠️  Batch insert error: current transaction is aborted, commands ignored until end of transaction block

[2025-08-29 21:58:30] Data Generator : ⚠️  Batch insert error: current transaction is aborted, commands ignored until end of transaction block

[2025-08-29 21:58:30] Data Generator : ⚠️  Batch insert error: current transaction is aborted, commands ignored until end of transaction block

[2025-08-29 21:58:30] Data Generator : ⚠️  Batch insert error: current transaction is aborted, commands ignored until end of transaction block

[2025-08-29 21:58:30] Data Generator : ⚠️  Batch insert error: duplicate key value violates unique constraint "users_email_key"
DETAIL:  Key (email)=(user_1_1756519110797@example.com) already exists.

[2025-08-29 21:58:30] Data Generator : ⚠️  Batch insert error: current transaction is aborted, commands ignored until end of transaction block

[2025-08-29 22:00:37] Data Generator : Waiting for all batches to complete...
[2025-08-29 22:00:42] Data Generator : 
=== Performance Benchmark Results ===
[2025-08-29 22:00:42] Data Generator : Events sent: 1443440
[2025-08-29 22:00:42] Data Generator : Duration: 360.02 seconds
[2025-08-29 22:00:42] Data Generator : Actual rate: 4009.37 events/sec
[2025-08-29 22:00:42] Data Generator : Target achieved: ✅ YES
[2025-08-29 22:00:42] Data Generator : Errors: 11
[2025-08-29 22:00:42] Data Generator : Average batch latency: 5.00ms
[2025-08-29 22:00:42] Data Generator : P50 batch latency: 4.47ms
[2025-08-29 22:00:42] Data Generator : P95 batch latency: 6.43ms
[2025-08-29 22:00:42] Data Generator : P99 batch latency: 11.21ms
[2025-08-29 22:00:42] Data Generator : Latency target (<500ms avg): ✅ YES
[2025-08-29 22:00:42] Data Generator : Detailed results written to: ./logs/resource-logs/performance-results.txt
[2025-08-29 22:00:42] Data Generator : ❌ Failed - performance targets not met
