[2025-09-28 23:36:31] Deploy Connector: === Starting Connector Deployment: Deploying postgres-cdc-connector ===
[2025-09-28 23:36:31] Deploy Connector: Validating prerequisites...
[2025-09-28 23:36:31] Deploy Connector: ✅  Prerequisites validated
[2025-09-28 23:36:31] Deploy Connector: Checking Kafka Connect service status...
NAME                             READY   STATUS    RESTARTS   AGE
kafka-connect-5487669d97-cmjgr   1/1     Running   0          111s
[2025-09-28 23:36:31] Deploy Connector: Waiting for Kafka Connect to be ready...
[2025-09-28 23:36:31] Deploy Connector: ✅  Kafka Connect is ready
[2025-09-28 23:36:31] Deploy Connector: Checking if connector already exists...
[2025-09-28 23:36:31] Deploy Connector: ✅  No existing connector found
[2025-09-28 23:36:32] Deploy Connector: Deploying connector...
[2025-09-28 23:36:32] Deploy Connector: ✅  Connector deployed successfully
[2025-09-28 23:36:32] Deploy Connector: Checking connector status...
{
  "name": "postgres-cdc-connector",
  "connector": {
    "state": "RUNNING",
    "worker_id": "kafka-connect:8083"
  },
  "tasks": [
    {
      "id": 0,
      "state": "RUNNING",
      "worker_id": "kafka-connect:8083"
    }
  ],
  "type": "source"
}
[2025-09-28 23:36:37] Deploy Connector: ✅  Connector is in RUNNING state
[2025-09-28 23:36:38] Deploy Connector: Listing all connectors...
[
  "postgres-cdc-connector"
]
[2025-09-28 23:36:38] Deploy Connector: ✅  Connector Deployment completed successfully
[2025-09-28 23:36:38] Deploy Connector: === Starting Connector Deployment: Deploying s3-sink-connector ===
[2025-09-28 23:36:38] Deploy Connector: Validating prerequisites...
[2025-09-28 23:36:38] Deploy Connector: ✅  Prerequisites validated
[2025-09-28 23:36:38] Deploy Connector: Checking Kafka Connect service status...
NAME                             READY   STATUS    RESTARTS   AGE
kafka-connect-5487669d97-cmjgr   1/1     Running   0          118s
[2025-09-28 23:36:38] Deploy Connector: Waiting for Kafka Connect to be ready...
[2025-09-28 23:36:38] Deploy Connector: ✅  Kafka Connect is ready
[2025-09-28 23:36:38] Deploy Connector: Checking if connector already exists...
[2025-09-28 23:36:39] Deploy Connector: ✅  No existing connector found
[2025-09-28 23:36:39] Deploy Connector: Deploying connector...
[2025-09-28 23:36:40] Deploy Connector: ✅  Connector deployed successfully
[2025-09-28 23:36:40] Deploy Connector: Checking connector status...
{
  "name": "s3-sink-connector",
  "connector": {
    "state": "RUNNING",
    "worker_id": "kafka-connect:8083"
  },
  "tasks": [
    {
      "id": 0,
      "state": "RUNNING",
      "worker_id": "kafka-connect:8083"
    },
    {
      "id": 1,
      "state": "RUNNING",
      "worker_id": "kafka-connect:8083"
    },
    {
      "id": 2,
      "state": "RUNNING",
      "worker_id": "kafka-connect:8083"
    },
    {
      "id": 3,
      "state": "RUNNING",
      "worker_id": "kafka-connect:8083"
    },
    {
      "id": 4,
      "state": "RUNNING",
      "worker_id": "kafka-connect:8083"
    },
    {
      "id": 5,
      "state": "RUNNING",
      "worker_id": "kafka-connect:8083"
    },
    {
      "id": 6,
      "state": "RUNNING",
      "worker_id": "kafka-connect:8083"
    },
    {
      "id": 7,
      "state": "RUNNING",
      "worker_id": "kafka-connect:8083"
    },
    {
      "id": 8,
      "state": "RUNNING",
      "worker_id": "kafka-connect:8083"
    },
    {
      "id": 9,
      "state": "RUNNING",
      "worker_id": "kafka-connect:8083"
    },
    {
      "id": 10,
      "state": "RUNNING",
      "worker_id": "kafka-connect:8083"
    },
    {
      "id": 11,
      "state": "RUNNING",
      "worker_id": "kafka-connect:8083"
    },
    {
      "id": 12,
      "state": "RUNNING",
      "worker_id": "kafka-connect:8083"
    },
    {
      "id": 13,
      "state": "RUNNING",
      "worker_id": "kafka-connect:8083"
    },
    {
      "id": 14,
      "state": "RUNNING",
      "worker_id": "kafka-connect:8083"
    },
    {
      "id": 15,
      "state": "RUNNING",
      "worker_id": "kafka-connect:8083"
    },
    {
      "id": 16,
      "state": "RUNNING",
      "worker_id": "kafka-connect:8083"
    },
    {
      "id": 17,
      "state": "RUNNING",
      "worker_id": "kafka-connect:8083"
    },
    {
      "id": 18,
      "state": "RUNNING",
      "worker_id": "kafka-connect:8083"
    },
    {
      "id": 19,
      "state": "RUNNING",
      "worker_id": "kafka-connect:8083"
    },
    {
      "id": 20,
      "state": "RUNNING",
      "worker_id": "kafka-connect:8083"
    },
    {
      "id": 21,
      "state": "RUNNING",
      "worker_id": "kafka-connect:8083"
    },
    {
      "id": 22,
      "state": "RUNNING",
      "worker_id": "kafka-connect:8083"
    },
    {
      "id": 23,
      "state": "RUNNING",
      "worker_id": "kafka-connect:8083"
    }
  ],
  "type": "sink"
}
[2025-09-28 23:36:45] Deploy Connector: ✅  Connector is in RUNNING state
[2025-09-28 23:36:45] Deploy Connector: Listing all connectors...
[
  "s3-sink-connector",
  "postgres-cdc-connector"
]
[2025-09-28 23:36:45] Deploy Connector: ✅  Connector Deployment completed successfully
