[2025-08-27 17:36:30] Deployment: ========== Starting Data Ingestion Pipeline deployment ==========
[2025-08-27 17:36:30] Deployment: Deleting existing cluster if needed
[2025-08-27 17:36:39] Deployment: Creating cluster using kind-config.yaml
[2025-08-27 17:37:14] Deployment: Checking if metrics-server is available...
[2025-08-27 17:37:14] Deployment: ⚠️   Metrics-server is not available
[2025-08-27 17:37:15] Deployment: Installing metrics-server...
[2025-08-27 17:37:18] Deployment: Metrics-server installation initiated
[2025-08-27 17:37:18] Deployment: Waiting for metrics-server to be ready...
[2025-08-27 17:37:56] Deployment: Metrics-server is ready
[2025-08-27 17:37:56] Deployment: Waiting for metrics to be available...
[2025-08-27 17:38:06] Deployment: ✅ Metrics are now available
[2025-08-27 17:38:06] Deployment: Applying 01-namespace.yaml
[2025-08-27 17:38:06] Deployment: Applying 02-service-accounts.yaml
[2025-08-27 17:38:07] Deployment: Applying 03-network-policies.yaml
[2025-08-27 17:38:07] Deployment: Applying 04-secrets.yaml
[2025-08-27 17:38:07] Deployment: Applying storage-classes.yaml
[2025-08-27 17:38:07] Deployment: Applying data-services-pvcs.yaml
[2025-08-27 17:38:08] Deployment: Applying task4-postgresql-statefulset.yaml
[2025-08-27 17:38:08] Deployment: kubectl wait --for=condition=ready pod -l app=postgresql,component=database -n data-ingestion --timeout=300s 2>&1
[2025-08-27 17:38:43] Deployment: ✅ pod -l app=postgresql,component=database is ready
[2025-08-27 17:38:43] Deployment: Applying task5-kafka-kraft-3brokers.yaml
[2025-08-27 17:38:43] Deployment: kubectl wait --for=condition=ready pod -l app=kafka,component=streaming -n data-ingestion --timeout=300s 2>&1
[2025-08-27 17:39:54] Deployment: ✅ pod -l app=kafka,component=streaming is ready
[2025-08-27 17:39:54] Deployment: Applying task5-kafka-topics-job.yaml
[2025-08-27 17:39:54] Deployment: kubectl wait --for=condition=complete job/create-kafka-topics -n data-ingestion --timeout=120s 2>&1
[2025-08-27 17:41:02] Deployment: ✅ job/create-kafka-topics is complete
[2025-08-27 17:41:02] Deployment: Applying task6-schema-registry.yaml
[2025-08-27 17:41:02] Deployment: kubectl wait --for=condition=ready pod -l app=schema-registry,component=schema-management -n data-ingestion --timeout=300s 2>&1
[2025-08-27 17:42:54] Deployment: ✅ pod -l app=schema-registry,component=schema-management is ready
[2025-08-27 17:42:54] Deployment: Applying task7-kafka-connect-deployment.yaml
[2025-08-27 17:42:54] Deployment: kubectl wait --for=condition=ready pod -l app=kafka-connect,component=worker -n data-ingestion --timeout=300s 2>&1
[2025-08-27 17:44:45] Deployment: ✅ pod -l app=kafka-connect,component=worker is ready
[2025-08-27 17:44:45] Deployment: Deploying Connector config postgres-cdc-connector
[2025-08-27 17:44:45] Deploy Connector: === Starting Connector Deployment: Deploying postgres-cdc-connector ===
[2025-08-27 17:44:45] Deploy Connector: Validating prerequisites...
[2025-08-27 17:44:45] Deploy Connector: ✅  Prerequisites validated
[2025-08-27 17:44:45] Deploy Connector: Checking Kafka Connect service status...
NAME                             READY   STATUS    RESTARTS   AGE
kafka-connect-67cb494957-78sdt   1/1     Running   0          111s
[2025-08-27 17:44:45] Deploy Connector: Waiting for Kafka Connect to be ready...
pod/kafka-connect-67cb494957-78sdt condition met
[2025-08-27 17:44:45] Deploy Connector: ✅  Kafka Connect is ready
[2025-08-27 17:44:45] Deploy Connector: Checking if connector already exists...
[2025-08-27 17:44:46] Deploy Connector: ✅  No existing connector found
[2025-08-27 17:44:46] Deploy Connector: Deploying connector...
[2025-08-27 17:44:47] Deploy Connector: ✅  Connector deployed successfully
[2025-08-27 17:44:47] Deploy Connector: Checking connector status...
{
  "name": "postgres-cdc-connector",
  "connector": {
    "state": "RUNNING",
    "worker_id": "kafka-connect:8083"
  },
  "tasks": [
    {
      "id": 0,
      "state": "RUNNING",
      "worker_id": "kafka-connect:8083"
    }
  ],
  "type": "source"
}
[2025-08-27 17:44:52] Deploy Connector: ✅  Connector is in RUNNING state
[2025-08-27 17:44:52] Deploy Connector: Listing all connectors...
[
  "postgres-cdc-connector"
]
[2025-08-27 17:44:52] Deploy Connector: ✅  Connector Deployment completed successfully
[2025-08-27 17:44:52] Deployment: Deploying Connector config s3-sink-connector
[2025-08-27 17:44:52] Deploy Connector: === Starting Connector Deployment: Deploying s3-sink-connector ===
[2025-08-27 17:44:52] Deploy Connector: Validating prerequisites...
[2025-08-27 17:44:53] Deploy Connector: ✅  Prerequisites validated
[2025-08-27 17:44:53] Deploy Connector: Checking Kafka Connect service status...
NAME                             READY   STATUS    RESTARTS   AGE
kafka-connect-67cb494957-78sdt   1/1     Running   0          119s
[2025-08-27 17:44:53] Deploy Connector: Waiting for Kafka Connect to be ready...
pod/kafka-connect-67cb494957-78sdt condition met
[2025-08-27 17:44:53] Deploy Connector: ✅  Kafka Connect is ready
[2025-08-27 17:44:53] Deploy Connector: Checking if connector already exists...
[2025-08-27 17:44:53] Deploy Connector: ✅  No existing connector found
[2025-08-27 17:44:53] Deploy Connector: Deploying connector...
[2025-08-27 17:44:54] Deploy Connector: ✅  Connector deployed successfully
[2025-08-27 17:44:54] Deploy Connector: Checking connector status...
{
  "name": "s3-sink-connector",
  "connector": {
    "state": "RUNNING",
    "worker_id": "kafka-connect:8083"
  },
  "tasks": [
    {
      "id": 0,
      "state": "RUNNING",
      "worker_id": "kafka-connect:8083"
    }
  ],
  "type": "sink"
}
[2025-08-27 17:45:00] Deploy Connector: ✅  Connector is in RUNNING state
[2025-08-27 17:45:00] Deploy Connector: Listing all connectors...
[
  "s3-sink-connector",
  "postgres-cdc-connector"
]
[2025-08-27 17:45:00] Deploy Connector: ✅  Connector Deployment completed successfully
[2025-08-27 17:45:00] Deployment: Sleeping 1 min before inserting Sample Data
[2025-08-27 17:46:00] Deployment: Inserting Sample Data into PostgreSQL
[2025-08-27 17:46:01] Deployment: Sleeping 2 mins after inserting Sample Data
[2025-08-27 17:48:01] Deployment: ========== SUCCESS - Data Ingestion Pipeline deployment completed ==========
