[2025-08-25 16:02:46] Startup: === Starting up Data Ingestion Pipeline - Scaling up replicas ===
[2025-08-25 16:02:46] Startup: Checking if metrics-server is available...
[2025-08-25 16:02:46] Startup: WARNING! Metrics-server is not available
[2025-08-25 16:02:46] Startup: Installing metrics-server...
[2025-08-25 16:02:47] Startup: Metrics-server installation initiated
[2025-08-25 16:02:47] Startup: Waiting for metrics-server to be ready...
[2025-08-25 16:03:10] Startup: Metrics-server is ready
[2025-08-25 16:03:10] Startup: Waiting for metrics to be available...
[2025-08-25 16:03:20] Startup: Waiting for metrics to be available...
[2025-08-25 16:03:30] Startup: Waiting for metrics to be available...
[2025-08-25 16:03:40] Startup: Waiting for metrics to be available...
[2025-08-25 16:03:50] Startup: Waiting for metrics to be available...
[2025-08-25 16:04:01] Startup: Waiting for metrics to be available...
[2025-08-25 16:04:11] Startup: Waiting for metrics to be available...
[2025-08-25 16:04:21] Startup: Waiting for metrics to be available...
[2025-08-25 16:04:31] Startup: Waiting for metrics to be available...
[2025-08-25 16:04:41] Startup: Waiting for metrics to be available...
[2025-08-25 16:04:52] Startup: Waiting for metrics to be available...
[2025-08-25 16:05:02] Startup: Waiting for metrics to be available...
[2025-08-25 16:05:12] Startup: Metrics-server installed but metrics not yet available!
[2025-08-25 16:05:12] Startup: ERROR: metrics-server not available
