[2025-09-29 02:29:17] Phase 6: === Starting Phase 6: Persistence Validation ===
[2025-09-29 02:29:17] Phase 6: Recording baseline state...
[2025-09-29 02:29:18] Phase 6: Baseline PostgreSQL users count: 746041
[2025-09-29 02:29:21] Phase 6: Baseline Kafka offsets recorded: 1 entries
[2025-09-29 02:29:22] Phase 6: Baseline pod states recorded
[2025-09-29 02:29:22] Phase 6: Forcing pod restarts to test persistence...
[2025-09-29 02:29:22] Phase 6: Waiting for Kafka Connect to terminate...
[2025-09-29 02:29:25] Phase 6: ✅ Kafka Connect scaled to replicas=0
[2025-09-29 02:29:25] Phase 6: Waiting for Schema Registry to terminate...
[2025-09-29 02:29:27] Phase 6: ✅ Schema Registry scaled to replicas=0
[2025-09-29 02:29:27] Phase 6: Waiting for Kafka to terminate...
[2025-09-29 02:29:30] Phase 6: ✅ Kafka scaled to replicas=2
[2025-09-29 02:29:31] Phase 6: Waiting for PostgreSQL to terminate...
[2025-09-29 02:29:31] Phase 6: ✅ PostgreSQL scaled to replicas=0
[2025-09-29 02:29:32] Phase 6: Deleted 4 pod(s)
[2025-09-29 02:29:42] Phase 6: Restarting pods...
[2025-09-29 02:29:42] Phase 6: Scaling PostgreSQL to replicas=1
[2025-09-29 02:29:42] Phase 6: Waiting for PostgreSQL to be ready...
[2025-09-29 02:30:05] Phase 6: ✅ PostgreSQL pod restarted and ready
[2025-09-29 02:30:05] Phase 6: Scaling Kafka to replicas=3
[2025-09-29 02:30:05] Phase 6: Waiting for Kafka to be ready...
[2025-09-29 02:30:37] Phase 6: ✅ Kafka pod restarted and ready
[2025-09-29 02:30:37] Phase 6: Scaling Schema Registry to replicas=1
[2025-09-29 02:30:37] Phase 6: Waiting for Schema Registry to be ready...
[2025-09-29 02:31:39] Phase 6: ✅ Schema Registry pod restarted and ready
[2025-09-29 02:31:39] Phase 6: Scaling Kafka Connect to replicas=1
[2025-09-29 02:31:39] Phase 6: Waiting for Kafka Connect to be ready...
[2025-09-29 02:33:29] Phase 6: ✅ Kafka Connect pod restarted and ready
[2025-09-29 02:33:29] Phase 6: Allowing additional stabilization time...
[2025-09-29 02:34:29] Phase 6: Verifying data persistence after restart...
[2025-09-29 02:34:29] Phase 6: Checking PostgreSQL data persistence...
[2025-09-29 02:34:30] Phase 6: ✅ PostgreSQL data persistence: PASSED (746041 users)
[2025-09-29 02:34:30] Phase 6: Checking Kafka data persistence...
[2025-09-29 02:34:34] Phase 6: ✅ Kafka data persistence: PASSED (offsets preserved)
[2025-09-29 02:34:34] Phase 6: Testing connectivity after restart...
[2025-09-29 02:34:34] Phase 6: ✅ PostgreSQL connectivity restored
[2025-09-29 02:34:38] Phase 6: ✅ Kafka connectivity restored
[2025-09-29 02:34:38] Phase 6: Testing CDC connector recovery...
[2025-09-29 02:34:38] Phase 6: ✅ CDC connector recovered and running
[2025-09-29 02:34:38] Phase 6: Performing final health check...
[2025-09-29 02:34:39] Phase 6: ✅ All pods healthy after restart
[2025-09-29 02:34:39] Phase 6: ✅ Phase 6 completed successfully - persistence validation passed
