[2025-08-29 20:01:13] Phase 4: === Starting Phase 4: Resource Monitoring and Compliance ===
[2025-08-29 20:01:13] Phase 4: Verifying resource limits are properly configured...
[2025-08-29 20:01:14] Phase 4: ✅ Pod create-kafka-topics-6hxrj has memory limit: 512Mi
[2025-08-29 20:01:14] Phase 4: ✅ Pod kafka-0 has memory limit: 682Mi
[2025-08-29 20:01:14] Phase 4: ✅ Pod kafka-1 has memory limit: 682Mi
[2025-08-29 20:01:14] Phase 4: ✅ Pod kafka-2 has memory limit: 682Mi
[2025-08-29 20:01:14] Phase 4: ✅ Pod kafka-connect-5487669d97-cm496 has memory limit: 1Gi
[2025-08-29 20:01:15] Phase 4: ✅ Pod postgresql-0 has memory limit: 512Mi
[2025-08-29 20:01:15] Phase 4: ✅ Pod schema-registry-7996d6869-s6jb5 has memory limit: 512Mi
[2025-08-29 20:01:15] Phase 4: ✅ All pods have memory limits configured
[2025-08-29 20:01:15] Phase 4: Starting resource monitoring for 240 seconds...
[2025-08-29 20:01:17] Phase 4: Total Memory: 2868Mi / 4096Mi (70%)
[2025-08-29 20:01:28] Phase 4: Total Memory: 2670Mi / 4096Mi (65%)
[2025-08-29 20:01:38] Phase 4: Total Memory: 2674Mi / 4096Mi (65%)
[2025-08-29 20:01:48] Phase 4: Total Memory: 2674Mi / 4096Mi (65%)
[2025-08-29 20:01:59] Phase 4: Total Memory: 2677Mi / 4096Mi (65%)
[2025-08-29 20:02:09] Phase 4: Total Memory: 2681Mi / 4096Mi (65%)
[2025-08-29 20:02:19] Phase 4: Total Memory: 2681Mi / 4096Mi (65%)
[2025-08-29 20:02:29] Phase 4: Total Memory: 2681Mi / 4096Mi (65%)
[2025-08-29 20:02:40] Phase 4: Total Memory: 2682Mi / 4096Mi (65%)
[2025-08-29 20:02:50] Phase 4: Total Memory: 2682Mi / 4096Mi (65%)
[2025-08-29 20:03:00] Phase 4: Total Memory: 2688Mi / 4096Mi (65%)
[2025-08-29 20:03:11] Phase 4: Total Memory: 2692Mi / 4096Mi (65%)
[2025-08-29 20:03:21] Phase 4: Total Memory: 2692Mi / 4096Mi (65%)
[2025-08-29 20:03:31] Phase 4: Total Memory: 2692Mi / 4096Mi (65%)
[2025-08-29 20:03:42] Phase 4: Total Memory: 2692Mi / 4096Mi (65%)
[2025-08-29 20:03:52] Phase 4: Total Memory: 2693Mi / 4096Mi (65%)
[2025-08-29 20:04:03] Phase 4: Total Memory: 2693Mi / 4096Mi (65%)
[2025-08-29 20:04:13] Phase 4: Total Memory: 2694Mi / 4096Mi (65%)
[2025-08-29 20:04:24] Phase 4: Total Memory: 2694Mi / 4096Mi (65%)
[2025-08-29 20:04:34] Phase 4: Total Memory: 2694Mi / 4096Mi (65%)
[2025-08-29 20:04:45] Phase 4: Total Memory: 2694Mi / 4096Mi (65%)
[2025-08-29 20:04:55] Phase 4: Total Memory: 2698Mi / 4096Mi (65%)
[2025-08-29 20:05:06] Phase 4: Total Memory: 2698Mi / 4096Mi (65%)
[2025-08-29 20:05:16] Phase 4: Total Memory: 2698Mi / 4096Mi (65%)
[2025-08-29 20:05:24] Phase 4: Resource monitoring completed:
[2025-08-29 20:05:24] Phase 4:   - Samples collected: 24
[2025-08-29 20:05:24] Phase 4:   - Average memory usage: 2695Mi
[2025-08-29 20:05:24] Phase 4:   - Peak memory usage: 2868Mi
[2025-08-29 20:05:24] Phase 4:   - Peak percentage: 70%
[2025-08-29 20:05:24] Phase 4: ✅ Memory usage compliant - peak 2868Mi within limits
[2025-08-29 20:05:24] Phase 4: Checking for OOMKilled events...
[2025-08-29 20:05:24] Phase 4: ✅ No OOMKilled events detected
[2025-08-29 20:05:24] Phase 4: ✅ Phase 4 completed successfully - resource monitoring compliant
