[2025-08-20 20:10:11] Task 9 Deploy: === Starting Task 9: Deploying Debezium PostgreSQL CDC Connector ===
[2025-08-20 20:10:11] Task 9 Deploy: Validating prerequisites...
[2025-08-20 20:10:11] Task 9 Deploy: ✅ Prerequisites validated
[2025-08-20 20:10:11] Task 9 Deploy: Checking Kafka Connect service status...
NAME                             READY   STATUS    RESTARTS   AGE
kafka-connect-868db97d76-d57nj   1/1     Running   0          2m21s
[2025-08-20 20:10:11] Task 9 Deploy: Waiting for Kafka Connect to be ready...
[2025-08-20 20:10:12] Task 9 Deploy: ✅ Kafka Connect is ready
[2025-08-20 20:10:12] Task 9 Deploy: Checking if connector already exists...
[2025-08-20 20:10:12] Task 9 Deploy: ⚠️  Connector exists. Deleting existing connector...
[2025-08-20 20:10:12] Task 9 Deploy: ✅ Existing connector deleted
[2025-08-20 20:10:12] Task 9 Deploy: Waiting 10 seconds for cleanup...
[2025-08-20 20:10:22] Task 9 Deploy: Deploying Debezium connector...
[2025-08-20 20:10:23] Task 9 Deploy: ✅ Debezium connector deployed successfully
[2025-08-20 20:10:23] Task 9 Deploy: Checking connector status...
{
  "name": "postgres-cdc-connector",
  "connector": {
    "state": "RUNNING",
    "worker_id": "kafka-connect:8083"
  },
  "tasks": [
    {
      "id": 0,
      "state": "RUNNING",
      "worker_id": "kafka-connect:8083"
    }
  ],
  "type": "source"
}
[2025-08-20 20:10:28] Task 9 Deploy: ✅ Connector is in RUNNING state
[2025-08-20 20:10:28] Task 9 Deploy: Listing all connectors...
[
  "postgres-cdc-connector"
]
[2025-08-20 20:10:29] Task 9 Deploy: ✅ Task 9 Deployment completed successfully
[2025-08-20 20:10:29] Task 9 Deploy: Run task9-validate-cdc.sh to validate the CDC functionality
