[2025-08-24 21:46:15] Phase 5: === Starting Phase 5: Performance Benchmarking ===
[2025-08-24 21:46:15] Phase 5: Executing performance benchmark...
[2025-08-24 21:46:15] Phase 5: === Starting Phase 5: Performance Benchmarking ===
[2025-08-24 21:46:15] Phase 5: Starting performance benchmark: 1000 events/sec for 60 seconds
[2025-08-24 21:46:15] Phase 5: Setting up performance test database...
[2025-08-24 21:46:17] Phase 5: ✅ Performance test table ready
[2025-08-24 21:46:17] Phase 5: Starting load generation...
[2025-08-24 21:47:17] Phase 5: Waiting for all batches to complete...
[2025-08-24 21:47:22] Phase 5: 
=== Performance Benchmark Results ===
[2025-08-24 21:47:22] Phase 5: Events sent: 65800
[2025-08-24 21:47:22] Phase 5: Duration: 65.05 seconds
[2025-08-24 21:47:22] Phase 5: Actual rate: 1011.49 events/sec
[2025-08-24 21:47:22] Phase 5: Target achieved: ✅ YES
[2025-08-24 21:47:22] Phase 5: Errors: 0
[2025-08-24 21:47:22] Phase 5: Average batch latency: 70.38ms
[2025-08-24 21:47:22] Phase 5: P50 batch latency: 69.54ms
[2025-08-24 21:47:22] Phase 5: P95 batch latency: 77.20ms
[2025-08-24 21:47:22] Phase 5: P99 batch latency: 84.45ms
[2025-08-24 21:47:22] Phase 5: Latency target (<500ms avg): ✅ YES
[2025-08-24 21:47:22] Phase 5: Detailed results written to: E:/Projects/DataPipe/task8-logs/performance-results.txt
[2025-08-24 21:47:22] Phase 5: ✅ Phase 5 completed successfully - performance targets achieved
[2025-08-24 21:47:23] Phase 5: ✅ Performance benchmark completed successfully
