[2025-08-27 17:56:45] Phase 4: === Starting Phase 4: Resource Monitoring and Compliance ===
[2025-08-27 17:56:45] Phase 4: Verifying resource limits are properly configured...
[2025-08-27 17:56:45] Phase 4: ✅ Pod create-kafka-topics-bvkvx has memory limit: 512Mi
[2025-08-27 17:56:45] Phase 4: ✅ Pod kafka-0 has memory limit: 682Mi
[2025-08-27 17:56:45] Phase 4: ✅ Pod kafka-1 has memory limit: 682Mi
[2025-08-27 17:56:46] Phase 4: ✅ Pod kafka-2 has memory limit: 682Mi
[2025-08-27 17:56:46] Phase 4: ✅ Pod kafka-connect-67cb494957-78sdt has memory limit: 768Mi
[2025-08-27 17:56:46] Phase 4: ✅ Pod postgresql-0 has memory limit: 768Mi
[2025-08-27 17:56:46] Phase 4: ✅ Pod schema-registry-7996d6869-2fmxt has memory limit: 512Mi
[2025-08-27 17:56:46] Phase 4: ✅ All pods have memory limits configured
[2025-08-27 17:56:46] Phase 4: Starting resource monitoring for 240 seconds...
[2025-08-27 17:56:48] Phase 4: Total Memory: 2194Mi / 4096Mi (53%)
[2025-08-27 17:56:59] Phase 4: Total Memory: 2199Mi / 4096Mi (53%)
[2025-08-27 17:57:09] Phase 4: Total Memory: 2205Mi / 4096Mi (53%)
[2025-08-27 17:57:19] Phase 4: Total Memory: 2205Mi / 4096Mi (53%)
[2025-08-27 17:57:30] Phase 4: Total Memory: 2205Mi / 4096Mi (53%)
[2025-08-27 17:57:40] Phase 4: Total Memory: 2208Mi / 4096Mi (53%)
[2025-08-27 17:57:50] Phase 4: Total Memory: 2208Mi / 4096Mi (53%)
[2025-08-27 17:58:00] Phase 4: Total Memory: 2208Mi / 4096Mi (53%)
[2025-08-27 17:58:10] Phase 4: Total Memory: 2210Mi / 4096Mi (53%)
[2025-08-27 17:58:20] Phase 4: Total Memory: 2210Mi / 4096Mi (53%)
[2025-08-27 17:58:30] Phase 4: Total Memory: 2210Mi / 4096Mi (53%)
[2025-08-27 17:58:40] Phase 4: Total Memory: 2210Mi / 4096Mi (53%)
[2025-08-27 17:58:50] Phase 4: Total Memory: 2210Mi / 4096Mi (53%)
[2025-08-27 17:59:00] Phase 4: Total Memory: 2215Mi / 4096Mi (54%)
[2025-08-27 17:59:10] Phase 4: Total Memory: 2215Mi / 4096Mi (54%)
[2025-08-27 17:59:20] Phase 4: Total Memory: 2215Mi / 4096Mi (54%)
[2025-08-27 17:59:30] Phase 4: Total Memory: 2217Mi / 4096Mi (54%)
[2025-08-27 17:59:40] Phase 4: Total Memory: 2217Mi / 4096Mi (54%)
[2025-08-27 17:59:50] Phase 4: Total Memory: 2217Mi / 4096Mi (54%)
[2025-08-27 18:00:01] Phase 4: Total Memory: 2218Mi / 4096Mi (54%)
[2025-08-27 18:00:11] Phase 4: Total Memory: 2218Mi / 4096Mi (54%)
[2025-08-27 18:00:22] Phase 4: Total Memory: 2218Mi / 4096Mi (54%)
[2025-08-27 18:00:32] Phase 4: Total Memory: 2220Mi / 4096Mi (54%)
[2025-08-27 18:00:42] Phase 4: Total Memory: 2221Mi / 4096Mi (54%)
[2025-08-27 18:00:50] Phase 4: Resource monitoring completed:
[2025-08-27 18:00:50] Phase 4:   - Samples collected: 24
[2025-08-27 18:00:50] Phase 4:   - Average memory usage: 2211Mi
[2025-08-27 18:00:50] Phase 4:   - Peak memory usage: 2221Mi
[2025-08-27 18:00:51] Phase 4:   - Peak percentage: 54%
[2025-08-27 18:00:51] Phase 4: ✅ Memory usage compliant - peak 2221Mi within limits
[2025-08-27 18:00:51] Phase 4: Checking for OOMKilled events...
[2025-08-27 18:00:51] Phase 4: ✅ No OOMKilled events detected
[2025-08-27 18:00:51] Phase 4: ✅ Phase 4 completed successfully - resource monitoring compliant
