[2025-10-05 17:03:23] Data Generator : === Starting Data Generator: Performance Benchmarking ===
[2025-10-05 17:03:23] Data Generator : Starting performance benchmark: 10000 events/sec for 300 seconds
[2025-10-05 17:03:23] Data Generator : Setting up connection to database...
[2025-10-05 17:03:26] Data Generator : ✅ DB connection ready
[2025-10-05 17:03:26] Data Generator : Starting load generation...
[2025-10-05 17:08:26] Data Generator : Waiting for all batches to complete...
[2025-10-05 17:08:31] Data Generator : 
=== Performance Benchmark Results ===
[2025-10-05 17:08:31] Data Generator : Events sent: 3073000
[2025-10-05 17:08:31] Data Generator : Duration: 300.01 seconds
[2025-10-05 17:08:31] Data Generator : Actual rate: 10242.89 events/sec
[2025-10-05 17:08:31] Data Generator : Target achieved: ✅ YES
[2025-10-05 17:08:31] Data Generator : Errors: 0
[2025-10-05 17:08:31] Data Generator : Average batch latency: 14.24ms
[2025-10-05 17:08:31] Data Generator : P50 batch latency: 10.56ms
[2025-10-05 17:08:31] Data Generator : P95 batch latency: 17.83ms
[2025-10-05 17:08:31] Data Generator : P99 batch latency: 149.50ms
[2025-10-05 17:08:31] Data Generator : Latency target (<500ms avg): ✅ YES
[2025-10-05 17:08:31] Data Generator : Detailed results written to: E:/Projects/DataPipe/1-data-ingestion-pipeline/../logs/data-ingestion/deploy-logs/performance-results.txt
[2025-10-05 17:08:31] Data Generator : ✅ Completed successfully - performance targets achieved
