[2025-10-05 16:51:07] [INFO] Deployment: ========== Starting Data Ingestion Pipeline deployment ==========
[2025-10-05 16:51:07] [INFO] Deployment: Deleting existing cluster if needed
[2025-10-05 16:51:16] [INFO] Deployment: Creating cluster using kind-config.yaml
[2025-10-05 16:51:44] [INFO] Deployment: Checking if metrics-server is available...
[2025-10-05 16:51:44] [INFO] Deployment: âš ï¸   Metrics-server is not available
[2025-10-05 16:51:44] [INFO] Deployment: Installing metrics-server...
[2025-10-05 16:51:45] [INFO] Deployment: Metrics-server installation initiated
[2025-10-05 16:51:45] [INFO] Deployment: Waiting for metrics-server to be ready...
[2025-10-05 16:52:22] [INFO] Deployment: Metrics-server is ready
[2025-10-05 16:52:22] [INFO] Deployment: Waiting for metrics to be available...
[2025-10-05 16:52:32] [INFO] Deployment: âœ… Metrics are now available
[2025-10-05 16:52:32] [INFO] Deployment: Starting background resource monitoring
[2025-10-05 16:52:32] [INFO] Deployment: Applying 01-namespace.yaml
[2025-10-05 16:52:32] [INFO] Deployment: Applying 02-service-accounts.yaml
[2025-10-05 16:52:33] [INFO] Deployment: Applying 03-network-policies.yaml
[2025-10-05 16:52:33] [INFO] Deployment: Applying 04-secrets.yaml
[2025-10-05 16:52:33] [INFO] Deployment: Applying storage-classes.yaml
[2025-10-05 16:52:33] [INFO] Deployment: Applying data-services-pvcs.yaml
[2025-10-05 16:52:34] [INFO] Deployment: Applying task4-postgresql-statefulset.yaml
[2025-10-05 16:52:34] [INFO] Deployment: kubectl --context "kind-data-ingestion" wait --for=condition=ready pod -l app=postgresql,component=database -n data-ingestion --timeout=300s 2>&1
[2025-10-05 16:53:09] [INFO] Deployment: âœ… pod -l app=postgresql,component=database is ready
[2025-10-05 16:53:09] [INFO] Deployment: Applying task5-kafka-kraft-3brokers.yaml
[2025-10-05 16:53:09] [INFO] Deployment: kubectl --context "kind-data-ingestion" wait --for=condition=ready pod -l app=kafka,component=streaming -n data-ingestion --timeout=300s 2>&1
[2025-10-05 16:54:13] [INFO] Deployment: âœ… pod -l app=kafka,component=streaming is ready
[2025-10-05 16:54:13] [INFO] Deployment: Applying task5-kafka-topics-job.yaml
[2025-10-05 16:54:13] [INFO] Deployment: kubectl --context "kind-data-ingestion" wait --for=condition=complete job/create-kafka-topics -n data-ingestion --timeout=120s 2>&1
[2025-10-05 16:55:49] [INFO] Deployment: âœ… job/create-kafka-topics is complete
[2025-10-05 16:55:49] [INFO] Deployment: Applying task6-schema-registry.yaml
[2025-10-05 16:55:49] [INFO] Deployment: kubectl --context "kind-data-ingestion" wait --for=condition=ready pod -l app=schema-registry,component=schema-management -n data-ingestion --timeout=300s 2>&1
[2025-10-05 16:57:31] [INFO] Deployment: âœ… pod -l app=schema-registry,component=schema-management is ready
[2025-10-05 16:57:31] [INFO] Deployment: Applying task7-kafka-connect-deployment.yaml
[2025-10-05 16:57:31] [INFO] Deployment: kubectl --context "kind-data-ingestion" wait --for=condition=ready pod -l app=kafka-connect,component=worker -n data-ingestion --timeout=300s 2>&1
[2025-10-05 16:59:22] [INFO] Deployment: âœ… pod -l app=kafka-connect,component=worker is ready
[2025-10-05 16:59:22] [INFO] Deployment: Deploying Connector config postgres-cdc-users-connector
[2025-10-05 16:59:22] [0;34m[INFO][0m Deploy Connector: === Starting Connector Deployment: Deploying postgres-cdc-users-connector ===
[2025-10-05 16:59:22] [0;34m[INFO][0m Deploy Connector: Validating prerequisites...
[2025-10-05 16:59:22] [0;34m[INFO][0m Deploy Connector: âœ…  Prerequisites validated
[2025-10-05 16:59:22] [0;34m[INFO][0m Deploy Connector: Checking Kafka Connect service status...
NAME                             READY   STATUS    RESTARTS   AGE
kafka-connect-6697c8dd97-zfw6t   1/1     Running   0          111s
[2025-10-05 16:59:22] [0;34m[INFO][0m Deploy Connector: Waiting for Kafka Connect to be ready...
pod/kafka-connect-6697c8dd97-zfw6t condition met
[2025-10-05 16:59:23] [0;34m[INFO][0m Deploy Connector: âœ…  Kafka Connect is ready
[2025-10-05 16:59:23] [0;34m[INFO][0m Deploy Connector: Checking if connector already exists...
[2025-10-05 16:59:23] [0;34m[INFO][0m Deploy Connector: âœ…  No existing connector found
[2025-10-05 16:59:23] [0;34m[INFO][0m Deploy Connector: Deploying connector...
[2025-10-05 16:59:24] [0;34m[INFO][0m Deploy Connector: âœ…  Connector deployed successfully
[2025-10-05 16:59:24] [0;34m[INFO][0m Deploy Connector: Checking connector status...
[2025-10-05 16:59:29] [0;34m[INFO][0m Deploy Connector: {
  "name": "postgres-cdc-users-connector",
  "connector": {
    "state": "RUNNING",
    "worker_id": "kafka-connect:8083"
  },
  "tasks": [
    {
      "id": 0,
      "state": "RUNNING",
      "worker_id": "kafka-connect:8083"
    }
  ],
  "type": "source"
}
[2025-10-05 16:59:29] [0;34m[INFO][0m Deploy Connector: âœ…  Connector is in RUNNING state
[2025-10-05 16:59:29] [0;34m[INFO][0m Deploy Connector: Listing all connectors...
[
  "postgres-cdc-users-connector"
]
[2025-10-05 16:59:29] [0;34m[INFO][0m Deploy Connector: âœ…  Connector Deployment completed successfully
[2025-10-05 16:59:29] [INFO] Deployment: Deploying Connector config postgres-cdc-products-connector
[2025-10-05 16:59:30] [0;34m[INFO][0m Deploy Connector: === Starting Connector Deployment: Deploying postgres-cdc-products-connector ===
[2025-10-05 16:59:30] [0;34m[INFO][0m Deploy Connector: Validating prerequisites...
[2025-10-05 16:59:30] [0;34m[INFO][0m Deploy Connector: âœ…  Prerequisites validated
[2025-10-05 16:59:30] [0;34m[INFO][0m Deploy Connector: Checking Kafka Connect service status...
NAME                             READY   STATUS    RESTARTS   AGE
kafka-connect-6697c8dd97-zfw6t   1/1     Running   0          119s
[2025-10-05 16:59:30] [0;34m[INFO][0m Deploy Connector: Waiting for Kafka Connect to be ready...
pod/kafka-connect-6697c8dd97-zfw6t condition met
[2025-10-05 16:59:30] [0;34m[INFO][0m Deploy Connector: âœ…  Kafka Connect is ready
[2025-10-05 16:59:30] [0;34m[INFO][0m Deploy Connector: Checking if connector already exists...
[2025-10-05 16:59:31] [0;34m[INFO][0m Deploy Connector: âœ…  No existing connector found
[2025-10-05 16:59:31] [0;34m[INFO][0m Deploy Connector: Deploying connector...
[2025-10-05 16:59:31] [0;34m[INFO][0m Deploy Connector: âœ…  Connector deployed successfully
[2025-10-05 16:59:31] [0;34m[INFO][0m Deploy Connector: Checking connector status...
[2025-10-05 16:59:36] [0;34m[INFO][0m Deploy Connector: {
  "name": "postgres-cdc-products-connector",
  "connector": {
    "state": "RUNNING",
    "worker_id": "kafka-connect:8083"
  },
  "tasks": [
    {
      "id": 0,
      "state": "RUNNING",
      "worker_id": "kafka-connect:8083"
    }
  ],
  "type": "source"
}
[2025-10-05 16:59:37] [0;34m[INFO][0m Deploy Connector: âœ…  Connector is in RUNNING state
[2025-10-05 16:59:37] [0;34m[INFO][0m Deploy Connector: Listing all connectors...
[
  "postgres-cdc-users-connector",
  "postgres-cdc-products-connector"
]
[2025-10-05 16:59:37] [0;34m[INFO][0m Deploy Connector: âœ…  Connector Deployment completed successfully
[2025-10-05 16:59:37] [INFO] Deployment: Deploying Connector config postgres-cdc-orders-connector
[2025-10-05 16:59:37] [0;34m[INFO][0m Deploy Connector: === Starting Connector Deployment: Deploying postgres-cdc-orders-connector ===
[2025-10-05 16:59:37] [0;34m[INFO][0m Deploy Connector: Validating prerequisites...
[2025-10-05 16:59:37] [0;34m[INFO][0m Deploy Connector: âœ…  Prerequisites validated
[2025-10-05 16:59:38] [0;34m[INFO][0m Deploy Connector: Checking Kafka Connect service status...
NAME                             READY   STATUS    RESTARTS   AGE
kafka-connect-6697c8dd97-zfw6t   1/1     Running   0          2m7s
[2025-10-05 16:59:38] [0;34m[INFO][0m Deploy Connector: Waiting for Kafka Connect to be ready...
pod/kafka-connect-6697c8dd97-zfw6t condition met
[2025-10-05 16:59:38] [0;34m[INFO][0m Deploy Connector: âœ…  Kafka Connect is ready
[2025-10-05 16:59:38] [0;34m[INFO][0m Deploy Connector: Checking if connector already exists...
[2025-10-05 16:59:38] [0;34m[INFO][0m Deploy Connector: âœ…  No existing connector found
[2025-10-05 16:59:38] [0;34m[INFO][0m Deploy Connector: Deploying connector...
[2025-10-05 16:59:39] [0;34m[INFO][0m Deploy Connector: âœ…  Connector deployed successfully
[2025-10-05 16:59:39] [0;34m[INFO][0m Deploy Connector: Checking connector status...
[2025-10-05 16:59:44] [0;34m[INFO][0m Deploy Connector: {
  "name": "postgres-cdc-orders-connector",
  "connector": {
    "state": "RUNNING",
    "worker_id": "kafka-connect:8083"
  },
  "tasks": [
    {
      "id": 0,
      "state": "RUNNING",
      "worker_id": "kafka-connect:8083"
    }
  ],
  "type": "source"
}
[2025-10-05 16:59:44] [0;34m[INFO][0m Deploy Connector: âœ…  Connector is in RUNNING state
[2025-10-05 16:59:44] [0;34m[INFO][0m Deploy Connector: Listing all connectors...
[
  "postgres-cdc-users-connector",
  "postgres-cdc-products-connector",
  "postgres-cdc-orders-connector"
]
[2025-10-05 16:59:44] [0;34m[INFO][0m Deploy Connector: âœ…  Connector Deployment completed successfully
[2025-10-05 16:59:44] [INFO] Deployment: Deploying Connector config postgres-cdc-order-items-connector
[2025-10-05 16:59:45] [0;34m[INFO][0m Deploy Connector: === Starting Connector Deployment: Deploying postgres-cdc-order-items-connector ===
[2025-10-05 16:59:45] [0;34m[INFO][0m Deploy Connector: Validating prerequisites...
[2025-10-05 16:59:45] [0;34m[INFO][0m Deploy Connector: âœ…  Prerequisites validated
[2025-10-05 16:59:45] [0;34m[INFO][0m Deploy Connector: Checking Kafka Connect service status...
NAME                             READY   STATUS    RESTARTS   AGE
kafka-connect-6697c8dd97-zfw6t   1/1     Running   0          2m14s
[2025-10-05 16:59:45] [0;34m[INFO][0m Deploy Connector: Waiting for Kafka Connect to be ready...
pod/kafka-connect-6697c8dd97-zfw6t condition met
[2025-10-05 16:59:45] [0;34m[INFO][0m Deploy Connector: âœ…  Kafka Connect is ready
[2025-10-05 16:59:46] [0;34m[INFO][0m Deploy Connector: Checking if connector already exists...
[2025-10-05 16:59:46] [0;34m[INFO][0m Deploy Connector: âœ…  No existing connector found
[2025-10-05 16:59:46] [0;34m[INFO][0m Deploy Connector: Deploying connector...
[2025-10-05 16:59:46] [0;34m[INFO][0m Deploy Connector: âœ…  Connector deployed successfully
[2025-10-05 16:59:46] [0;34m[INFO][0m Deploy Connector: Checking connector status...
[2025-10-05 16:59:51] [0;34m[INFO][0m Deploy Connector: {
  "name": "postgres-cdc-order-items-connector",
  "connector": {
    "state": "RUNNING",
    "worker_id": "kafka-connect:8083"
  },
  "tasks": [
    {
      "id": 0,
      "state": "RUNNING",
      "worker_id": "kafka-connect:8083"
    }
  ],
  "type": "source"
}
[2025-10-05 16:59:52] [0;34m[INFO][0m Deploy Connector: âœ…  Connector is in RUNNING state
[2025-10-05 16:59:52] [0;34m[INFO][0m Deploy Connector: Listing all connectors...
[
  "postgres-cdc-users-connector",
  "postgres-cdc-products-connector",
  "postgres-cdc-orders-connector",
  "postgres-cdc-order-items-connector"
]
[2025-10-05 16:59:52] [0;34m[INFO][0m Deploy Connector: âœ…  Connector Deployment completed successfully
[2025-10-05 16:59:52] [INFO] Deployment: Deploying Connector config s3-sink-users-connector
[2025-10-05 16:59:52] [0;34m[INFO][0m Deploy Connector: === Starting Connector Deployment: Deploying s3-sink-users-connector ===
[2025-10-05 16:59:52] [0;34m[INFO][0m Deploy Connector: Validating prerequisites...
[2025-10-05 16:59:52] [0;34m[INFO][0m Deploy Connector: âœ…  Prerequisites validated
[2025-10-05 16:59:52] [0;34m[INFO][0m Deploy Connector: Checking Kafka Connect service status...
NAME                             READY   STATUS    RESTARTS   AGE
kafka-connect-6697c8dd97-zfw6t   1/1     Running   0          2m22s
[2025-10-05 16:59:53] [0;34m[INFO][0m Deploy Connector: Waiting for Kafka Connect to be ready...
pod/kafka-connect-6697c8dd97-zfw6t condition met
[2025-10-05 16:59:53] [0;34m[INFO][0m Deploy Connector: âœ…  Kafka Connect is ready
[2025-10-05 16:59:53] [0;34m[INFO][0m Deploy Connector: Checking if connector already exists...
[2025-10-05 16:59:53] [0;34m[INFO][0m Deploy Connector: âœ…  No existing connector found
[2025-10-05 16:59:53] [0;34m[INFO][0m Deploy Connector: Deploying connector...
[2025-10-05 16:59:54] [0;34m[INFO][0m Deploy Connector: âœ…  Connector deployed successfully
[2025-10-05 16:59:54] [0;34m[INFO][0m Deploy Connector: Checking connector status...
[2025-10-05 16:59:59] [0;34m[INFO][0m Deploy Connector: {
  "name": "s3-sink-users-connector",
  "connector": {
    "state": "RUNNING",
    "worker_id": "kafka-connect:8083"
  },
  "tasks": [
    {
      "id": 0,
      "state": "RUNNING",
      "worker_id": "kafka-connect:8083"
    },
    {
      "id": 1,
      "state": "RUNNING",
      "worker_id": "kafka-connect:8083"
    },
    {
      "id": 2,
      "state": "RUNNING",
      "worker_id": "kafka-connect:8083"
    },
    {
      "id": 3,
      "state": "RUNNING",
      "worker_id": "kafka-connect:8083"
    },
    {
      "id": 4,
      "state": "RUNNING",
      "worker_id": "kafka-connect:8083"
    },
    {
      "id": 5,
      "state": "RUNNING",
      "worker_id": "kafka-connect:8083"
    }
  ],
  "type": "sink"
}
[2025-10-05 16:59:59] [0;34m[INFO][0m Deploy Connector: âœ…  Connector is in RUNNING state
[2025-10-05 16:59:59] [0;34m[INFO][0m Deploy Connector: Listing all connectors...
[
  "postgres-cdc-users-connector",
  "postgres-cdc-products-connector",
  "postgres-cdc-orders-connector",
  "postgres-cdc-order-items-connector",
  "s3-sink-users-connector"
]
[2025-10-05 16:59:59] [0;34m[INFO][0m Deploy Connector: âœ…  Connector Deployment completed successfully
[2025-10-05 16:59:59] [INFO] Deployment: Deploying Connector config s3-sink-products-connector
[2025-10-05 17:00:00] [0;34m[INFO][0m Deploy Connector: === Starting Connector Deployment: Deploying s3-sink-products-connector ===
[2025-10-05 17:00:00] [0;34m[INFO][0m Deploy Connector: Validating prerequisites...
[2025-10-05 17:00:00] [0;34m[INFO][0m Deploy Connector: âœ…  Prerequisites validated
[2025-10-05 17:00:00] [0;34m[INFO][0m Deploy Connector: Checking Kafka Connect service status...
NAME                             READY   STATUS    RESTARTS   AGE
kafka-connect-6697c8dd97-zfw6t   1/1     Running   0          2m29s
[2025-10-05 17:00:00] [0;34m[INFO][0m Deploy Connector: Waiting for Kafka Connect to be ready...
pod/kafka-connect-6697c8dd97-zfw6t condition met
[2025-10-05 17:00:00] [0;34m[INFO][0m Deploy Connector: âœ…  Kafka Connect is ready
[2025-10-05 17:00:00] [0;34m[INFO][0m Deploy Connector: Checking if connector already exists...
[2025-10-05 17:00:01] [0;34m[INFO][0m Deploy Connector: âœ…  No existing connector found
[2025-10-05 17:00:01] [0;34m[INFO][0m Deploy Connector: Deploying connector...
[2025-10-05 17:00:01] [0;34m[INFO][0m Deploy Connector: âœ…  Connector deployed successfully
[2025-10-05 17:00:01] [0;34m[INFO][0m Deploy Connector: Checking connector status...
[2025-10-05 17:00:06] [0;34m[INFO][0m Deploy Connector: {
  "name": "s3-sink-products-connector",
  "connector": {
    "state": "RUNNING",
    "worker_id": "kafka-connect:8083"
  },
  "tasks": [
    {
      "id": 0,
      "state": "RUNNING",
      "worker_id": "kafka-connect:8083"
    },
    {
      "id": 1,
      "state": "RUNNING",
      "worker_id": "kafka-connect:8083"
    },
    {
      "id": 2,
      "state": "RUNNING",
      "worker_id": "kafka-connect:8083"
    },
    {
      "id": 3,
      "state": "RUNNING",
      "worker_id": "kafka-connect:8083"
    },
    {
      "id": 4,
      "state": "RUNNING",
      "worker_id": "kafka-connect:8083"
    },
    {
      "id": 5,
      "state": "RUNNING",
      "worker_id": "kafka-connect:8083"
    }
  ],
  "type": "sink"
}
[2025-10-05 17:00:06] [0;34m[INFO][0m Deploy Connector: âœ…  Connector is in RUNNING state
[2025-10-05 17:00:06] [0;34m[INFO][0m Deploy Connector: Listing all connectors...
[
  "postgres-cdc-users-connector",
  "postgres-cdc-products-connector",
  "postgres-cdc-orders-connector",
  "s3-sink-users-connector",
  "s3-sink-products-connector",
  "postgres-cdc-order-items-connector"
]
[2025-10-05 17:00:07] [0;34m[INFO][0m Deploy Connector: âœ…  Connector Deployment completed successfully
[2025-10-05 17:00:07] [INFO] Deployment: Deploying Connector config s3-sink-orders-connector
[2025-10-05 17:00:07] [0;34m[INFO][0m Deploy Connector: === Starting Connector Deployment: Deploying s3-sink-orders-connector ===
[2025-10-05 17:00:07] [0;34m[INFO][0m Deploy Connector: Validating prerequisites...
[2025-10-05 17:00:07] [0;34m[INFO][0m Deploy Connector: âœ…  Prerequisites validated
[2025-10-05 17:00:07] [0;34m[INFO][0m Deploy Connector: Checking Kafka Connect service status...
NAME                             READY   STATUS    RESTARTS   AGE
kafka-connect-6697c8dd97-zfw6t   1/1     Running   0          2m36s
[2025-10-05 17:00:07] [0;34m[INFO][0m Deploy Connector: Waiting for Kafka Connect to be ready...
pod/kafka-connect-6697c8dd97-zfw6t condition met
[2025-10-05 17:00:08] [0;34m[INFO][0m Deploy Connector: âœ…  Kafka Connect is ready
[2025-10-05 17:00:08] [0;34m[INFO][0m Deploy Connector: Checking if connector already exists...
[2025-10-05 17:00:08] [0;34m[INFO][0m Deploy Connector: âœ…  No existing connector found
[2025-10-05 17:00:08] [0;34m[INFO][0m Deploy Connector: Deploying connector...
[2025-10-05 17:00:08] [0;34m[INFO][0m Deploy Connector: âœ…  Connector deployed successfully
[2025-10-05 17:00:08] [0;34m[INFO][0m Deploy Connector: Checking connector status...
[2025-10-05 17:00:13] [0;34m[INFO][0m Deploy Connector: {
  "name": "s3-sink-orders-connector",
  "connector": {
    "state": "RUNNING",
    "worker_id": "kafka-connect:8083"
  },
  "tasks": [
    {
      "id": 0,
      "state": "RUNNING",
      "worker_id": "kafka-connect:8083"
    },
    {
      "id": 1,
      "state": "RUNNING",
      "worker_id": "kafka-connect:8083"
    },
    {
      "id": 2,
      "state": "RUNNING",
      "worker_id": "kafka-connect:8083"
    },
    {
      "id": 3,
      "state": "RUNNING",
      "worker_id": "kafka-connect:8083"
    },
    {
      "id": 4,
      "state": "RUNNING",
      "worker_id": "kafka-connect:8083"
    },
    {
      "id": 5,
      "state": "RUNNING",
      "worker_id": "kafka-connect:8083"
    }
  ],
  "type": "sink"
}
[2025-10-05 17:00:14] [0;34m[INFO][0m Deploy Connector: âœ…  Connector is in RUNNING state
[2025-10-05 17:00:14] [0;34m[INFO][0m Deploy Connector: Listing all connectors...
[
  "postgres-cdc-users-connector",
  "postgres-cdc-products-connector",
  "postgres-cdc-orders-connector",
  "s3-sink-users-connector",
  "s3-sink-products-connector",
  "postgres-cdc-order-items-connector",
  "s3-sink-orders-connector"
]
[2025-10-05 17:00:14] [0;34m[INFO][0m Deploy Connector: âœ…  Connector Deployment completed successfully
[2025-10-05 17:00:14] [INFO] Deployment: Deploying Connector config s3-sink-order-items-connector
[2025-10-05 17:00:14] [0;34m[INFO][0m Deploy Connector: === Starting Connector Deployment: Deploying s3-sink-order-items-connector ===
[2025-10-05 17:00:14] [0;34m[INFO][0m Deploy Connector: Validating prerequisites...
[2025-10-05 17:00:14] [0;34m[INFO][0m Deploy Connector: âœ…  Prerequisites validated
[2025-10-05 17:00:14] [0;34m[INFO][0m Deploy Connector: Checking Kafka Connect service status...
NAME                             READY   STATUS    RESTARTS   AGE
kafka-connect-6697c8dd97-zfw6t   1/1     Running   0          2m43s
[2025-10-05 17:00:15] [0;34m[INFO][0m Deploy Connector: Waiting for Kafka Connect to be ready...
pod/kafka-connect-6697c8dd97-zfw6t condition met
[2025-10-05 17:00:15] [0;34m[INFO][0m Deploy Connector: âœ…  Kafka Connect is ready
[2025-10-05 17:00:15] [0;34m[INFO][0m Deploy Connector: Checking if connector already exists...
[2025-10-05 17:00:15] [0;34m[INFO][0m Deploy Connector: âœ…  No existing connector found
[2025-10-05 17:00:15] [0;34m[INFO][0m Deploy Connector: Deploying connector...
[2025-10-05 17:00:15] [0;34m[INFO][0m Deploy Connector: âœ…  Connector deployed successfully
[2025-10-05 17:00:15] [0;34m[INFO][0m Deploy Connector: Checking connector status...
[2025-10-05 17:00:21] [0;34m[INFO][0m Deploy Connector: {
  "name": "s3-sink-order-items-connector",
  "connector": {
    "state": "RUNNING",
    "worker_id": "kafka-connect:8083"
  },
  "tasks": [
    {
      "id": 0,
      "state": "RUNNING",
      "worker_id": "kafka-connect:8083"
    },
    {
      "id": 1,
      "state": "RUNNING",
      "worker_id": "kafka-connect:8083"
    },
    {
      "id": 2,
      "state": "RUNNING",
      "worker_id": "kafka-connect:8083"
    },
    {
      "id": 3,
      "state": "RUNNING",
      "worker_id": "kafka-connect:8083"
    },
    {
      "id": 4,
      "state": "RUNNING",
      "worker_id": "kafka-connect:8083"
    },
    {
      "id": 5,
      "state": "RUNNING",
      "worker_id": "kafka-connect:8083"
    }
  ],
  "type": "sink"
}
[2025-10-05 17:00:21] [0;34m[INFO][0m Deploy Connector: âœ…  Connector is in RUNNING state
[2025-10-05 17:00:21] [0;34m[INFO][0m Deploy Connector: Listing all connectors...
[
  "postgres-cdc-users-connector",
  "postgres-cdc-products-connector",
  "postgres-cdc-orders-connector",
  "s3-sink-users-connector",
  "s3-sink-products-connector",
  "postgres-cdc-order-items-connector",
  "s3-sink-orders-connector",
  "s3-sink-order-items-connector"
]
[2025-10-05 17:00:21] [0;34m[INFO][0m Deploy Connector: âœ…  Connector Deployment completed successfully
[2025-10-05 17:00:21] [INFO] Deployment: Sleeping 1 min before inserting Sample Data
[2025-10-05 17:01:21] [INFO] Deployment: Inserting Sample Data into PostgreSQL
[2025-10-05 17:01:23] [INFO] Deployment: Sleeping 2 mins after inserting Sample Data
[2025-10-05 17:03:23] [INFO] Deployment: Executing Data Generator - performance benchmark...
[2025-10-05 17:08:31] [INFO] Deployment: âœ… Data Generator completed successfully
[2025-10-05 17:08:31] [INFO] Deployment: Sleeping 2 mins after running Data Generator
[2025-10-05 17:10:31] [INFO] Deployment: Stopping background resource monitoring
[2025-10-05 17:10:31] [INFO] Deployment: ========== SUCCESS - Data Ingestion Pipeline deployment completed ==========
