[2025-10-01 13:51:34] Phase 4: === Starting Phase 4: Resource Monitoring and Compliance ===
[2025-10-01 13:51:34] Phase 4: Verifying resource limits are properly configured...
[2025-10-01 13:51:34] Phase 4: ✅ Pod create-kafka-topics-p9ptm has memory limit: 512Mi
[2025-10-01 13:51:34] Phase 4: ✅ Pod kafka-0 has memory limit: 682Mi
[2025-10-01 13:51:35] Phase 4: ✅ Pod kafka-1 has memory limit: 682Mi
[2025-10-01 13:51:35] Phase 4: ✅ Pod kafka-2 has memory limit: 682Mi
[2025-10-01 13:51:35] Phase 4: ✅ Pod kafka-connect-5487669d97-mkmlp has memory limit: 1Gi
[2025-10-01 13:51:35] Phase 4: ✅ Pod postgresql-0 has memory limit: 512Mi
[2025-10-01 13:51:35] Phase 4: ✅ Pod schema-registry-7996d6869-88ww7 has memory limit: 512Mi
[2025-10-01 13:51:35] Phase 4: ✅ All pods have memory limits configured
[2025-10-01 13:51:35] Phase 4: Starting resource monitoring for 240 seconds...
[2025-10-01 13:51:38] Phase 4: Total Memory: 2681Mi / 4096Mi (65%)
[2025-10-01 13:51:48] Phase 4: Total Memory: 2685Mi / 4096Mi (65%)
[2025-10-01 13:51:58] Phase 4: Total Memory: 2685Mi / 4096Mi (65%)
[2025-10-01 13:52:09] Phase 4: Total Memory: 2687Mi / 4096Mi (65%)
[2025-10-01 13:52:19] Phase 4: Total Memory: 2687Mi / 4096Mi (65%)
[2025-10-01 13:52:29] Phase 4: Total Memory: 2687Mi / 4096Mi (65%)
[2025-10-01 13:52:39] Phase 4: Total Memory: 2689Mi / 4096Mi (65%)
[2025-10-01 13:52:50] Phase 4: Total Memory: 2689Mi / 4096Mi (65%)
[2025-10-01 13:53:00] Phase 4: Total Memory: 2689Mi / 4096Mi (65%)
[2025-10-01 13:53:10] Phase 4: Total Memory: 2693Mi / 4096Mi (65%)
[2025-10-01 13:53:20] Phase 4: Total Memory: 2695Mi / 4096Mi (65%)
[2025-10-01 13:53:30] Phase 4: Total Memory: 2697Mi / 4096Mi (65%)
[2025-10-01 13:53:41] Phase 4: Total Memory: 2697Mi / 4096Mi (65%)
[2025-10-01 13:53:51] Phase 4: Total Memory: 2702Mi / 4096Mi (65%)
[2025-10-01 13:54:01] Phase 4: Total Memory: 2703Mi / 4096Mi (65%)
[2025-10-01 13:54:11] Phase 4: Total Memory: 2703Mi / 4096Mi (65%)
[2025-10-01 13:54:21] Phase 4: Total Memory: 2705Mi / 4096Mi (66%)
[2025-10-01 13:54:32] Phase 4: Total Memory: 2707Mi / 4096Mi (66%)
[2025-10-01 13:54:42] Phase 4: Total Memory: 2707Mi / 4096Mi (66%)
[2025-10-01 13:54:52] Phase 4: Total Memory: 2710Mi / 4096Mi (66%)
[2025-10-01 13:55:02] Phase 4: Total Memory: 2713Mi / 4096Mi (66%)
[2025-10-01 13:55:12] Phase 4: Total Memory: 2713Mi / 4096Mi (66%)
[2025-10-01 13:55:22] Phase 4: Total Memory: 2711Mi / 4096Mi (66%)
[2025-10-01 13:55:33] Phase 4: Total Memory: 2716Mi / 4096Mi (66%)
[2025-10-01 13:55:41] Phase 4: Resource monitoring completed:
[2025-10-01 13:55:41] Phase 4:   - Samples collected: 24
[2025-10-01 13:55:41] Phase 4:   - Average memory usage: 2697Mi
[2025-10-01 13:55:41] Phase 4:   - Peak memory usage: 2716Mi
[2025-10-01 13:55:41] Phase 4:   - Peak percentage: 66%
[2025-10-01 13:55:41] Phase 4: ✅ Memory usage compliant - peak 2716Mi within limits
[2025-10-01 13:55:41] Phase 4: Checking for OOMKilled events...
[2025-10-01 13:55:41] Phase 4: ✅ No OOMKilled events detected
[2025-10-01 13:55:41] Phase 4: ✅ Phase 4 completed successfully - resource monitoring compliant
