[2025-10-01 13:56:02] Phase 5: === Starting Phase 5: Performance Benchmarking ===
[2025-10-01 13:56:02] Phase 5: Executing performance benchmark...
[2025-10-01 13:56:02] Phase 5: === Starting Phase 5: Performance Benchmarking ===
[2025-10-01 13:56:02] Phase 5: Starting performance benchmark: 1000 events/sec for 60 seconds
[2025-10-01 13:56:02] Phase 5: Setting up performance test database...
[2025-10-01 13:56:04] Phase 5: ✅ Performance test table ready
[2025-10-01 13:56:04] Phase 5: Starting load generation...
[2025-10-01 13:57:04] Phase 5: Waiting for all batches to complete...
[2025-10-01 13:57:09] Phase 5: 
=== Performance Benchmark Results ===
[2025-10-01 13:57:09] Phase 5: Events sent: 65800
[2025-10-01 13:57:09] Phase 5: Duration: 65.04 seconds
[2025-10-01 13:57:09] Phase 5: Actual rate: 1011.67 events/sec
[2025-10-01 13:57:09] Phase 5: Target achieved: ✅ YES
[2025-10-01 13:57:09] Phase 5: Errors: 0
[2025-10-01 13:57:09] Phase 5: Average batch latency: 66.41ms
[2025-10-01 13:57:09] Phase 5: P50 batch latency: 65.37ms
[2025-10-01 13:57:09] Phase 5: P95 batch latency: 76.06ms
[2025-10-01 13:57:09] Phase 5: P99 batch latency: 84.38ms
[2025-10-01 13:57:09] Phase 5: Latency target (<500ms avg): ✅ YES
[2025-10-01 13:57:09] Phase 5: Detailed results written to: E:/Projects/DataPipe/1-data-ingestion-pipeline/../logs/data-ingestion-pipeline/task8-logs/performance-results.txt
[2025-10-01 13:57:09] Phase 5: ✅ Phase 5 completed successfully - performance targets achieved
[2025-10-01 13:57:09] Phase 5: ✅ Performance benchmark completed successfully
