[2025-10-07 15:10:26] [INFO] Phase 4: === Starting Phase 4: Resource Monitoring and Compliance ===
[2025-10-07 15:10:26] [INFO] Phase 4: Verifying resource limits are properly configured...
[2025-10-07 15:10:26] [INFO] Phase 4: ✅ Pod create-kafka-topics-h8nsh has memory limit: 512Mi
[2025-10-07 15:10:26] [INFO] Phase 4: ✅ Pod kafka-0 has memory limit: 682Mi
[2025-10-07 15:10:27] [INFO] Phase 4: ✅ Pod kafka-1 has memory limit: 682Mi
[2025-10-07 15:10:27] [INFO] Phase 4: ✅ Pod kafka-2 has memory limit: 682Mi
[2025-10-07 15:10:27] [INFO] Phase 4: ✅ Pod kafka-connect-6697c8dd97-msk84 has memory limit: 2Gi
[2025-10-07 15:10:27] [INFO] Phase 4: ✅ Pod postgresql-0 has memory limit: 1Gi
[2025-10-07 15:10:27] [INFO] Phase 4: ✅ Pod schema-registry-696f9b74b5-vq76n has memory limit: 1Gi
[2025-10-07 15:10:27] [INFO] Phase 4: ✅ All pods have memory limits configured
[2025-10-07 15:10:27] [INFO] Phase 4: Starting resource monitoring for 240 seconds...
[2025-10-07 15:10:29] [INFO] Phase 4: Total Memory: 4518Mi / 6144Mi (73%)
[2025-10-07 15:10:40] [INFO] Phase 4: Total Memory: 4518Mi / 6144Mi (73%)
[2025-10-07 15:10:50] [INFO] Phase 4: Total Memory: 4524Mi / 6144Mi (73%)
[2025-10-07 15:11:01] [INFO] Phase 4: Total Memory: 4523Mi / 6144Mi (73%)
[2025-10-07 15:11:11] [INFO] Phase 4: Total Memory: 4523Mi / 6144Mi (73%)
[2025-10-07 15:11:22] [INFO] Phase 4: Total Memory: 4523Mi / 6144Mi (73%)
[2025-10-07 15:11:32] [INFO] Phase 4: Total Memory: 4517Mi / 6144Mi (73%)
[2025-10-07 15:11:42] [INFO] Phase 4: Total Memory: 4517Mi / 6144Mi (73%)
[2025-10-07 15:11:53] [INFO] Phase 4: Total Memory: 4518Mi / 6144Mi (73%)
[2025-10-07 15:12:03] [INFO] Phase 4: Total Memory: 4517Mi / 6144Mi (73%)
[2025-10-07 15:12:14] [INFO] Phase 4: Total Memory: 4517Mi / 6144Mi (73%)
[2025-10-07 15:12:24] [INFO] Phase 4: Total Memory: 4517Mi / 6144Mi (73%)
[2025-10-07 15:12:35] [INFO] Phase 4: Total Memory: 4518Mi / 6144Mi (73%)
[2025-10-07 15:12:45] [INFO] Phase 4: Total Memory: 4518Mi / 6144Mi (73%)
[2025-10-07 15:12:56] [INFO] Phase 4: Total Memory: 4518Mi / 6144Mi (73%)
[2025-10-07 15:13:06] [INFO] Phase 4: Total Memory: 4518Mi / 6144Mi (73%)
[2025-10-07 15:13:17] [INFO] Phase 4: Total Memory: 4517Mi / 6144Mi (73%)
[2025-10-07 15:13:27] [INFO] Phase 4: Total Memory: 4517Mi / 6144Mi (73%)
[2025-10-07 15:13:38] [INFO] Phase 4: Total Memory: 4518Mi / 6144Mi (73%)
[2025-10-07 15:13:48] [INFO] Phase 4: Total Memory: 4518Mi / 6144Mi (73%)
[2025-10-07 15:13:59] [INFO] Phase 4: Total Memory: 4518Mi / 6144Mi (73%)
[2025-10-07 15:14:09] [INFO] Phase 4: Total Memory: 4518Mi / 6144Mi (73%)
[2025-10-07 15:14:19] [INFO] Phase 4: Total Memory: 4519Mi / 6144Mi (73%)
[2025-10-07 15:14:27] [INFO] Phase 4: Resource monitoring completed:
[2025-10-07 15:14:27] [INFO] Phase 4:   - Samples collected: 23
[2025-10-07 15:14:27] [INFO] Phase 4:   - Average memory usage: 4518Mi
[2025-10-07 15:14:28] [INFO] Phase 4:   - Peak memory usage: 4524Mi
[2025-10-07 15:14:28] [INFO] Phase 4:   - Peak percentage: 73%
[2025-10-07 15:14:28] [INFO] Phase 4: ✅ Memory usage compliant - peak 4524Mi within limits
[2025-10-07 15:14:28] [INFO] Phase 4: Checking for OOMKilled events...
[2025-10-07 15:14:28] [INFO] Phase 4: ✅ No OOMKilled events detected
[2025-10-07 15:14:28] [INFO] Phase 4: ✅ Phase 4 completed successfully - resource monitoring compliant
