[2025-10-05 04:47:57] [INFO] Phase 2: === Starting Phase 2: Inter-Service Connectivity Testing ===
[2025-10-05 04:47:57] [INFO] Phase 2: Testing connectivity to postgresql:5432...
[2025-10-05 04:47:57] [INFO] Phase 2: ✅ Connectivity to postgresql:5432 confirmed
[2025-10-05 04:47:57] [INFO] Phase 2: Testing connectivity to kafka:9092...
[2025-10-05 04:47:57] [INFO] Phase 2: ✅ Connectivity to kafka:9092 confirmed
[2025-10-05 04:47:57] [INFO] Phase 2: Testing connectivity to schema-registry:8081...
[2025-10-05 04:47:58] [INFO] Phase 2: ✅ Connectivity to schema-registry:8081 confirmed
[2025-10-05 04:47:58] [INFO] Phase 2: Testing connectivity to kafka-connect:8083...
[2025-10-05 04:47:58] [INFO] Phase 2: ✅ Connectivity to kafka-connect:8083 confirmed
[2025-10-05 04:47:58] [INFO] Phase 2: Testing PostgreSQL connectivity...
[2025-10-05 04:47:58] [INFO] Phase 2: ✅ PostgreSQL is ready and accepting connections
[2025-10-05 04:47:58] [INFO] Phase 2: ✅ PostgreSQL query execution successful
[2025-10-05 04:47:58] [INFO] Phase 2: Testing Kafka connectivity...
[2025-10-05 04:48:02] [INFO] Phase 2: ✅ Kafka broker API accessible
[2025-10-05 04:48:06] [INFO] Phase 2: ✅ Kafka topic listing successful
[2025-10-05 04:48:06] [INFO] Phase 2: Testing Schema Registry connectivity...
[2025-10-05 04:48:06] [INFO] Phase 2: ✅ Schema Registry REST API accessible
[2025-10-05 04:48:06] [INFO] Phase 2: Testing Kafka Connect connectivity...
[2025-10-05 04:48:06] [INFO] Phase 2: ✅ Kafka Connect REST API accessible
[2025-10-05 04:48:06] [INFO] Phase 2: Testing DNS resolution from postgresql-0 pod...
[2025-10-05 04:48:06] [INFO] Phase 2: ✅ DNS resolution working
[2025-10-05 04:48:07] [INFO] Phase 2: ✅ Phase 2 completed successfully - all connectivity tests passed
